Sat Nov 15 15:15:57 CET 2014 : Apache Derby Network Server - 10.10.1.3 - (1557168) démarré et prêt à accepter les connexions sur le port 1527
----------------------------------------------------------------
Sat Nov 15 15:16:31 CET 2014:
Amorçage de Derby version The Apache Software Foundation - Apache Derby - 10.10.1.3 - (1557168) : instance a816c00e-0149-b3cf-71eb-fffff722c823 
dans le répertoire de base de données /export/home/users/master/master2/m2pls2015/11316834/master2/LEE/tp3/.netbeans-derby/A avec le chargeur de classe sun.misc.Launcher$AppClassLoader@1d44bcfa
Chargé de file:/usr/java/jdk-1.8/db/lib/derby.jar
java.vendor=Oracle Corporation
java.runtime.version=1.8.0_20-b26
user.dir=/usr/java/jdk-1.8/db
os.name=Linux
os.arch=amd64
os.version=3.2.0-4-amd64
derby.system.home=/export/home/users/master/master2/m2pls2015/11316834/master2/LEE/tp3/.netbeans-derby
Chargeur de classe de la base de données démarré - derby.database.classpath = ''
----------------------------------------------------------------
Sat Nov 15 15:21:43 CET 2014 : fermeture du moteur Derby
----------------------------------------------------------------
Sat Nov 15 15:21:43 CET 2014:
Fermeture de l'instance a816c00e-0149-b3cf-71eb-fffff722c823 sur le répertoire de base de données /export/home/users/master/master2/m2pls2015/11316834/master2/LEE/tp3/.netbeans-derby/A avec le chargeur de classe sun.misc.Launcher$AppClassLoader@1d44bcfa 
----------------------------------------------------------------
